Determining if the pthread_create exist failed with the following output:
Change Dir: /home/advancedhpc/linh/advancedhpc2018/labwork/build/CMakeFiles/CMakeTmp

Run Build Command:"/usr/bin/make" "cmTC_fd2eb/fast"
/usr/bin/make -f CMakeFiles/cmTC_fd2eb.dir/build.make CMakeFiles/cmTC_fd2eb.dir/build
make[1]: Entering directory '/home/advancedhpc/linh/advancedhpc2018/labwork/build/CMakeFiles/CMakeTmp'
Building C object CMakeFiles/cmTC_fd2eb.dir/CheckSymbolExists.c.o
/usr/bin/cc    -fPIC    -o CMakeFiles/cmTC_fd2eb.dir/CheckSymbolExists.c.o   -c /home/advancedhpc/linh/advancedhpc2018/labwork/build/CMakeFiles/CMakeTmp/CheckSymbolExists.c
Linking C executable cmTC_fd2eb
/usr/bin/cmake -E cmake_link_script CMakeFiles/cmTC_fd2eb.dir/link.txt --verbose=1
/usr/bin/cc  -fPIC     CMakeFiles/cmTC_fd2eb.dir/CheckSymbolExists.c.o  -o cmTC_fd2eb -rdynamic 
CMakeFiles/cmTC_fd2eb.dir/CheckSymbolExists.c.o: In function `main':
CheckSymbolExists.c:(.text+0x1b): undefined reference to `pthread_create'
collect2: error: ld returned 1 exit status
CMakeFiles/cmTC_fd2eb.dir/build.make:97: recipe for target 'cmTC_fd2eb' failed
make[1]: *** [cmTC_fd2eb] Error 1
make[1]: Leaving directory '/home/advancedhpc/linh/advancedhpc2018/labwork/build/CMakeFiles/CMakeTmp'
Makefile:126: recipe for target 'cmTC_fd2eb/fast' failed
make: *** [cmTC_fd2eb/fast] Error 2

File /home/advancedhpc/linh/advancedhpc2018/labwork/build/CMakeFiles/CMakeTmp/CheckSymbolExists.c:
/* */
#include <pthread.h>

int main(int argc, char** argv)
{
  (void)argv;
#ifndef pthread_create
  return ((int*)(&pthread_create))[argc];
#else
  (void)argc;
  return 0;
#endif
}

Determining if the function pthread_create exists in the pthreads failed with the following output:
Change Dir: /home/advancedhpc/linh/advancedhpc2018/labwork/build/CMakeFiles/CMakeTmp

Run Build Command:"/usr/bin/make" "cmTC_83e60/fast"
/usr/bin/make -f CMakeFiles/cmTC_83e60.dir/build.make CMakeFiles/cmTC_83e60.dir/build
make[1]: Entering directory '/home/advancedhpc/linh/advancedhpc2018/labwork/build/CMakeFiles/CMakeTmp'
Building C object CMakeFiles/cmTC_83e60.dir/CheckFunctionExists.c.o
/usr/bin/cc    -fPIC -DCHECK_FUNCTION_EXISTS=pthread_create   -o CMakeFiles/cmTC_83e60.dir/CheckFunctionExists.c.o   -c /usr/share/cmake-3.7/Modules/CheckFunctionExists.c
Linking C executable cmTC_83e60
/usr/bin/cmake -E cmake_link_script CMakeFiles/cmTC_83e60.dir/link.txt --verbose=1
/usr/bin/cc  -fPIC -DCHECK_FUNCTION_EXISTS=pthread_create    CMakeFiles/cmTC_83e60.dir/CheckFunctionExists.c.o  -o cmTC_83e60 -rdynamic -lpthreads 
/usr/bin/ld: cannot find -lpthreads
collect2: error: ld returned 1 exit status
CMakeFiles/cmTC_83e60.dir/build.make:97: recipe for target 'cmTC_83e60' failed
make[1]: *** [cmTC_83e60] Error 1
make[1]: Leaving directory '/home/advancedhpc/linh/advancedhpc2018/labwork/build/CMakeFiles/CMakeTmp'
Makefile:126: recipe for target 'cmTC_83e60/fast' failed
make: *** [cmTC_83e60/fast] Error 2


